<?xml version="1.0" encoding="utf-8"?><testsuites name="pytest tests"><testsuite name="pytest" errors="0" failures="1" skipped="0" tests="14" time="23.263" timestamp="2026-01-21T09:03:50.867149+00:00" hostname="agent-env-c5f7d34a-f5d0-4d12-8721-84360464f03d"><testcase classname="tests.test_fcm_notifications.TestAdminAuth" name="test_admin_login_success" time="1.044" /><testcase classname="tests.test_fcm_notifications.TestSettingsEndpoints" name="test_get_wali_notifikasi_settings_returns_defaults" time="1.834" /><testcase classname="tests.test_fcm_notifications.TestSettingsEndpoints" name="test_update_wali_notifikasi_settings" time="3.872" /><testcase classname="tests.test_fcm_notifications.TestSettingsEndpoints" name="test_settings_requires_auth" time="1.645" /><testcase classname="tests.test_fcm_notifications.TestWaliFcmToken" name="test_wali_login_success" time="0.609" /><testcase classname="tests.test_fcm_notifications.TestWaliFcmToken" name="test_register_fcm_token_success" time="1.130"><failure message="AssertionError: Failed to register FCM token: Web server returned an unknown error&#10;  &#10;assert 520 == 200&#10; +  where 520 = &lt;Response [520]&gt;.status_code">tests/test_fcm_notifications.py:162: in test_register_fcm_token_success
    assert response.status_code == 200, f"Failed to register FCM token: {response.text}"
E   AssertionError: Failed to register FCM token: Web server returned an unknown error
E     
E   assert 520 == 200
E    +  where 520 = &lt;Response [520]&gt;.status_code</failure></testcase><testcase classname="tests.test_fcm_notifications.TestWaliFcmToken" name="test_register_fcm_token_empty_rejected" time="1.435" /><testcase classname="tests.test_fcm_notifications.TestWaliFcmToken" name="test_fcm_token_requires_auth" time="0.789" /><testcase classname="tests.test_fcm_notifications.TestPengabsenAbsensi" name="test_pengabsen_login_success" time="1.044" /><testcase classname="tests.test_fcm_notifications.TestPengabsenAbsensi" name="test_record_attendance_triggers_notification" time="1.667" /><testcase classname="tests.test_fcm_notifications.TestPengabsenAbsensi" name="test_record_attendance_different_statuses" time="4.010" /><testcase classname="tests.test_fcm_notifications.TestWaliAbsensiView" name="test_wali_can_view_today_attendance" time="1.453" /><testcase classname="tests.test_fcm_notifications.TestWaliAbsensiView" name="test_wali_can_view_history" time="1.223" /><testcase classname="tests.test_fcm_notifications.TestHealthCheck" name="test_api_root" time="1.429" /></testsuite></testsuites>