<?xml version="1.0" encoding="utf-8"?><testsuites name="pytest tests"><testsuite name="pytest" errors="0" failures="0" skipped="0" tests="16" time="23.207" timestamp="2026-01-21T10:17:50.721244+00:00" hostname="agent-env-c5f7d34a-f5d0-4d12-8721-84360464f03d"><testcase classname="tests.test_pembimbing_pwa.TestPembimbingPWALogin" name="test_login_success" time="0.817" /><testcase classname="tests.test_pembimbing_pwa.TestPembimbingPWALogin" name="test_login_invalid_kode_akses" time="0.799" /><testcase classname="tests.test_pembimbing_pwa.TestPembimbingPWALogin" name="test_login_invalid_username" time="0.854" /><testcase classname="tests.test_pembimbing_pwa.TestPembimbingPWAMe" name="test_get_me_success" time="1.429" /><testcase classname="tests.test_pembimbing_pwa.TestPembimbingPWAMe" name="test_get_me_unauthorized" time="0.801" /><testcase classname="tests.test_pembimbing_pwa.TestPembimbingPWATodayAttendance" name="test_get_today_attendance_all" time="0.818" /><testcase classname="tests.test_pembimbing_pwa.TestPembimbingPWATodayAttendance" name="test_get_today_attendance_filtered" time="3.376" /><testcase classname="tests.test_pembimbing_pwa.TestPembimbingPWAHistory" name="test_get_history" time="0.825" /><testcase classname="tests.test_pembimbing_pwa.TestPembimbingPWAHistory" name="test_get_history_with_waktu_filter" time="0.817" /><testcase classname="tests.test_pembimbing_pwa.TestPembimbingPWAStatistik" name="test_get_statistik" time="0.634" /><testcase classname="tests.test_pembimbing_pwa.TestAdminPembimbingCRUD" name="test_get_all_pembimbing" time="2.083" /><testcase classname="tests.test_pembimbing_pwa.TestAdminPembimbingCRUD" name="test_create_pembimbing" time="1.871" /><testcase classname="tests.test_pembimbing_pwa.TestAdminPembimbingCRUD" name="test_update_pembimbing" time="2.387" /><testcase classname="tests.test_pembimbing_pwa.TestAdminPembimbingCRUD" name="test_regenerate_kode_akses" time="2.261" /><testcase classname="tests.test_pembimbing_pwa.TestAdminPembimbingCRUD" name="test_delete_pembimbing" time="2.160" /><testcase classname="tests.test_pembimbing_pwa.TestCleanup" name="test_cleanup_test_pembimbing" time="1.189" /></testsuite></testsuites>